--------
/aloy/home/ymartins/Documents/cc_update/chemical_checker/container/singularity/binaries/node2vec.Err
Wed May  1 16:27:58 2024
Execution stopped: IsInt(false, 0, 0, Val) [Reason:'atom_7'], file ../../glib-core/dt.h, line 578
--------
--------
/aloy/home/ymartins/Documents/cc_update/chemical_checker/container/singularity/binaries/node2vec.Err
Wed May  1 16:32:38 2024
Execution stopped: IsInt(false, 0, 0, Val) [Reason:'atom_7'], file ../../glib-core/dt.h, line 578
--------
--------
/aloy/home/ymartins/Documents/cc_update/chemical_checker/container/singularity/binaries/node2vec.Err
Wed May  1 16:48:32 2024
Execution stopped: IsFlt(false, 0, 0, Val), file ../../glib-core/dt.h, line 629
--------
--------
/aloy/home/ymartins/Documents/cc_update/chemical_checker/container/singularity/binaries/node2vec.Err
Wed May  1 16:56:49 2024
Execution stopped: IsFlt(false, 0, 0, Val), file ../../glib-core/dt.h, line 629
--------
--------
/aloy/home/ymartins/Documents/cc_update/chemical_checker/container/singularity/binaries/node2vec.Err
Wed May  1 17:00:05 2024
Execution stopped: IsFlt(false, 0, 0, Val), file ../../glib-core/dt.h, line 629
--------
--------
/aloy/home/ymartins/Documents/cc_update/chemical_checker/container/singularity/binaries/node2vec.Err
Wed May  1 17:03:35 2024
Execution stopped: IsFlt(false, 0, 0, Val), file ../../glib-core/dt.h, line 629
--------
